<?xml version="1.0" encoding="UTF-8"?>
<!-- Generated by org.testng.reporters.JUnitReportReporter -->
<testsuite skipped="0" hostname="DESKTOP-T3EO6I8" name="MyRunner.MyRunnerExtentReport" tests="1" failures="0" timestamp="13 Apr 2020 04:54:15 GMT" time="67.477" errors="0">
  <testcase name="feature" time="67.477" classname="MyRunner.MyRunnerExtentReport"/>
</testsuite> <!-- MyRunner.MyRunnerExtentReport -->
