<?xml version="1.0" encoding="UTF-8"?>
<!-- Generated by org.testng.reporters.JUnitReportReporter -->
<testsuite skipped="0" hostname="DESKTOP-T3EO6I8" name="MyRunner.TestRunner" tests="1" failures="0" timestamp="12 Apr 2020 18:40:35 GMT" time="30.330" errors="0">
  <testcase name="feature" time="30.330" classname="MyRunner.TestRunner"/>
</testsuite> <!-- MyRunner.TestRunner -->
